The system is: Windows - 10.0.22000 - AMD64
Compiling the C compiler identification source file "CMakeCCompilerId.c" succeeded.
Compiler: D:/VS Community 2019/VC/Tools/MSVC/14.29.30133/bin/Hostx86/x86/cl.exe 
Build flags: 
Id flags:  

The output was:
0
Оптимизирующий компилятор Microsoft (R) C/C++ версии 19.29.30133 для x86
(C) Корпорация Майкрософт (Microsoft Corporation).  Все права защищены.

CMakeCCompilerId.c
Microsoft (R) Incremental Linker Version 14.29.30133.0
Copyright (C) Microsoft Corporation.  All rights reserved.

/out:CMakeCCompilerId.exe 
CMakeCCompilerId.obj 


Compilation of the C compiler identification source "CMakeCCompilerId.c" produced "CMakeCCompilerId.exe"

Compilation of the C compiler identification source "CMakeCCompilerId.c" produced "CMakeCCompilerId.obj"

The C compiler identification is MSVC, found in "D:/programming/projects/system-programming/lab1_fw/cmake-build-release-visual-studio/CMakeFiles/3.20.2/CompilerIdC/CMakeCCompilerId.exe"

Detecting C compiler ABI info compiled with the following output:
Change Dir: D:/programming/projects/system-programming/lab1_fw/cmake-build-release-visual-studio/CMakeFiles/CMakeTmp

Run Build Command(s):nmake -f Makefile /nologo cmTC_1f4cc\fast && 	"D:\VS Community 2019\VC\Tools\MSVC\14.29.30133\bin\HostX86\x86\nmake.exe"  -f CMakeFiles\cmTC_1f4cc.dir\build.make /nologo -L                  CMakeFiles\cmTC_1f4cc.dir\build
Building C object CMakeFiles/cmTC_1f4cc.dir/CMakeCCompilerABI.c.obj
	D:\JetBrains\apps\CLion\ch-0\212.5284.51\bin\cmake\win\bin\cmake.exe -E cmake_cl_compile_depends --dep-file=CMakeFiles\cmTC_1f4cc.dir\CMakeCCompilerABI.c.obj.d --working-dir=D:\programming\projects\system-programming\lab1_fw\cmake-build-release-visual-studio\CMakeFiles\CMakeTmp --filter-prefix="" -- "D:\VS Community 2019\VC\Tools\MSVC\1429~1.301\bin\Hostx86\x86\cl.exe" @C:\Users\GLOBUS~1\AppData\Local\Temp\nmECA1.tmp
Linking C executable cmTC_1f4cc.exe
	D:\JetBrains\apps\CLion\ch-0\212.5284.51\bin\cmake\win\bin\cmake.exe -E vs_link_exe --intdir=CMakeFiles\cmTC_1f4cc.dir --rc=C:\PROGRA~2\WI3CF2~1\10\bin\100183~1.0\x86\rc.exe --mt=C:\PROGRA~2\WI3CF2~1\10\bin\100183~1.0\x86\mt.exe --manifests -- "D:\VS Community 2019\VC\Tools\MSVC\1429~1.301\bin\Hostx86\x86\link.exe" /nologo @CMakeFiles\cmTC_1f4cc.dir\objects1.rsp @C:\Users\GLOBUS~1\AppData\Local\Temp\nmED9B.tmp



